{"/home/matt/Programming/yarn-wrapped/index.js": {"path":"/home/matt/Programming/yarn-wrapped/index.js","statementMap":{"0":{"start":{"line":1,"column":0},"end":{"line":1,"column":49}}},"fnMap":{},"branchMap":{},"s":{"0":1},"f":{},"b":{},"_coverageSchema":"1a1c01bbd47fc00a2c39e90264f33305004495a9","hash":"33aa458e8d51d4b8ab220a7b8cae6d816bc60010"}
,"/home/matt/Programming/yarn-wrapped/src/yarn-wrapped.js": {"path":"/home/matt/Programming/yarn-wrapped/src/yarn-wrapped.js","statementMap":{"0":{"start":{"line":13,"column":4},"end":{"line":13,"column":38}},"1":{"start":{"line":14,"column":4},"end":{"line":14,"column":38}},"2":{"start":{"line":15,"column":4},"end":{"line":15,"column":62}},"3":{"start":{"line":16,"column":4},"end":{"line":16,"column":26}},"4":{"start":{"line":17,"column":4},"end":{"line":17,"column":28}},"5":{"start":{"line":18,"column":4},"end":{"line":18,"column":27}},"6":{"start":{"line":20,"column":19},"end":{"line":20,"column":39}},"7":{"start":{"line":21,"column":4},"end":{"line":21,"column":25}},"8":{"start":{"line":22,"column":4},"end":{"line":25,"column":5}},"9":{"start":{"line":23,"column":6},"end":{"line":23,"column":78}},"10":{"start":{"line":24,"column":6},"end":{"line":24,"column":48}},"11":{"start":{"line":26,"column":4},"end":{"line":30,"column":5}},"12":{"start":{"line":27,"column":6},"end":{"line":29,"column":8}},"13":{"start":{"line":28,"column":8},"end":{"line":28,"column":41}},"14":{"start":{"line":32,"column":4},"end":{"line":32,"column":40}},"15":{"start":{"line":33,"column":4},"end":{"line":33,"column":18}},"16":{"start":{"line":37,"column":4},"end":{"line":43,"column":5}},"17":{"start":{"line":42,"column":6},"end":{"line":42,"column":42}},"18":{"start":{"line":45,"column":15},"end":{"line":45,"column":63}},"19":{"start":{"line":46,"column":19},"end":{"line":46,"column":23}},"20":{"start":{"line":50,"column":4},"end":{"line":55,"column":5}},"21":{"start":{"line":51,"column":6},"end":{"line":54,"column":7}},"22":{"start":{"line":52,"column":8},"end":{"line":52,"column":32}},"23":{"start":{"line":53,"column":8},"end":{"line":53,"column":42}},"24":{"start":{"line":59,"column":4},"end":{"line":71,"column":5}},"25":{"start":{"line":60,"column":23},"end":{"line":60,"column":44}},"26":{"start":{"line":61,"column":6},"end":{"line":61,"column":31}},"27":{"start":{"line":62,"column":6},"end":{"line":70,"column":7}},"28":{"start":{"line":66,"column":8},"end":{"line":66,"column":44}},"29":{"start":{"line":67,"column":8},"end":{"line":67,"column":23}},"30":{"start":{"line":68,"column":13},"end":{"line":70,"column":7}},"31":{"start":{"line":69,"column":8},"end":{"line":69,"column":59}},"32":{"start":{"line":73,"column":4},"end":{"line":73,"column":27}},"33":{"start":{"line":74,"column":4},"end":{"line":74,"column":32}},"34":{"start":{"line":75,"column":4},"end":{"line":77,"column":5}},"35":{"start":{"line":76,"column":6},"end":{"line":76,"column":26}}},"fnMap":{"0":{"name":"(anonymous_0)","decl":{"start":{"line":4,"column":2},"end":{"line":4,"column":3}},"loc":{"start":{"line":12,"column":5},"end":{"line":34,"column":3}},"line":12},"1":{"name":"(anonymous_1)","decl":{"start":{"line":27,"column":40},"end":{"line":27,"column":41}},"loc":{"start":{"line":27,"column":51},"end":{"line":29,"column":7}},"line":27},"2":{"name":"(anonymous_2)","decl":{"start":{"line":36,"column":2},"end":{"line":36,"column":3}},"loc":{"start":{"line":36,"column":24},"end":{"line":78,"column":3}},"line":36}},"branchMap":{"0":{"loc":{"start":{"line":11,"column":4},"end":{"line":11,"column":21}},"type":"default-arg","locations":[{"start":{"line":11,"column":14},"end":{"line":11,"column":21}}],"line":11},"1":{"loc":{"start":{"line":22,"column":4},"end":{"line":25,"column":5}},"type":"if","locations":[{"start":{"line":22,"column":4},"end":{"line":25,"column":5}},{"start":{},"end":{}}],"line":22},"2":{"loc":{"start":{"line":23,"column":32},"end":{"line":23,"column":78}},"type":"binary-expr","locations":[{"start":{"line":23,"column":32},"end":{"line":23,"column":55}},{"start":{"line":23,"column":59},"end":{"line":23,"column":78}}],"line":23},"3":{"loc":{"start":{"line":26,"column":4},"end":{"line":30,"column":5}},"type":"if","locations":[{"start":{"line":26,"column":4},"end":{"line":30,"column":5}},{"start":{},"end":{}}],"line":26},"4":{"loc":{"start":{"line":37,"column":4},"end":{"line":43,"column":5}},"type":"if","locations":[{"start":{"line":37,"column":4},"end":{"line":43,"column":5}},{"start":{},"end":{}}],"line":37},"5":{"loc":{"start":{"line":38,"column":6},"end":{"line":40,"column":31}},"type":"binary-expr","locations":[{"start":{"line":38,"column":6},"end":{"line":38,"column":40}},{"start":{"line":39,"column":8},"end":{"line":39,"column":24}},{"start":{"line":40,"column":8},"end":{"line":40,"column":31}}],"line":38},"6":{"loc":{"start":{"line":45,"column":15},"end":{"line":45,"column":63}},"type":"binary-expr","locations":[{"start":{"line":45,"column":15},"end":{"line":45,"column":32}},{"start":{"line":45,"column":36},"end":{"line":45,"column":63}}],"line":45},"7":{"loc":{"start":{"line":50,"column":4},"end":{"line":55,"column":5}},"type":"if","locations":[{"start":{"line":50,"column":4},"end":{"line":55,"column":5}},{"start":{},"end":{}}],"line":50},"8":{"loc":{"start":{"line":59,"column":4},"end":{"line":71,"column":5}},"type":"if","locations":[{"start":{"line":59,"column":4},"end":{"line":71,"column":5}},{"start":{},"end":{}}],"line":59},"9":{"loc":{"start":{"line":62,"column":6},"end":{"line":70,"column":7}},"type":"if","locations":[{"start":{"line":62,"column":6},"end":{"line":70,"column":7}},{"start":{"line":68,"column":13},"end":{"line":70,"column":7}}],"line":62},"10":{"loc":{"start":{"line":63,"column":8},"end":{"line":64,"column":51}},"type":"binary-expr","locations":[{"start":{"line":63,"column":8},"end":{"line":63,"column":38}},{"start":{"line":64,"column":10},"end":{"line":64,"column":51}}],"line":63},"11":{"loc":{"start":{"line":68,"column":13},"end":{"line":70,"column":7}},"type":"if","locations":[{"start":{"line":68,"column":13},"end":{"line":70,"column":7}},{"start":{},"end":{}}],"line":68},"12":{"loc":{"start":{"line":75,"column":4},"end":{"line":77,"column":5}},"type":"if","locations":[{"start":{"line":75,"column":4},"end":{"line":77,"column":5}},{"start":{},"end":{}}],"line":75},"13":{"loc":{"start":{"line":75,"column":8},"end":{"line":75,"column":60}},"type":"binary-expr","locations":[{"start":{"line":75,"column":8},"end":{"line":75,"column":38}},{"start":{"line":75,"column":42},"end":{"line":75,"column":60}}],"line":75}},"s":{"0":17,"1":17,"2":17,"3":17,"4":17,"5":17,"6":17,"7":17,"8":17,"9":1,"10":1,"11":17,"12":2,"13":4,"14":17,"15":17,"16":24,"17":2,"18":24,"19":24,"20":24,"21":2,"22":4,"23":4,"24":24,"25":19,"26":19,"27":19,"28":1,"29":1,"30":18,"31":3,"32":24,"33":24,"34":24,"35":1},"f":{"0":17,"1":4,"2":24},"b":{"0":[16],"1":[1,16],"2":[1,1],"3":[2,15],"4":[2,22],"5":[24,2,2],"6":[24,20],"7":[2,22],"8":[19,5],"9":[1,18],"10":[19,1],"11":[3,15],"12":[1,23],"13":[24,3]},"_coverageSchema":"1a1c01bbd47fc00a2c39e90264f33305004495a9","hash":"3d0f628e3db71cc5904585adf29b5819f94ecc22"}
}
