{"/home/matt/Programming/yarn-wrapped/index.js": {"path":"/home/matt/Programming/yarn-wrapped/index.js","statementMap":{"0":{"start":{"line":1,"column":0},"end":{"line":1,"column":49}}},"fnMap":{},"branchMap":{},"s":{"0":1},"f":{},"b":{},"_coverageSchema":"1a1c01bbd47fc00a2c39e90264f33305004495a9","hash":"33aa458e8d51d4b8ab220a7b8cae6d816bc60010"}
,"/home/matt/Programming/yarn-wrapped/src/convert-yarn.js": {"path":"/home/matt/Programming/yarn-wrapped/src/convert-yarn.js","statementMap":{"0":{"start":{"line":22,"column":18},"end":{"line":22,"column":20}},"1":{"start":{"line":23,"column":16},"end":{"line":23,"column":38}},"2":{"start":{"line":24,"column":12},"end":{"line":24,"column":16}},"3":{"start":{"line":25,"column":20},"end":{"line":25,"column":25}},"4":{"start":{"line":26,"column":2},"end":{"line":48,"column":3}},"5":{"start":{"line":26,"column":15},"end":{"line":26,"column":16}},"6":{"start":{"line":27,"column":4},"end":{"line":47,"column":5}},"7":{"start":{"line":28,"column":6},"end":{"line":28,"column":25}},"8":{"start":{"line":29,"column":6},"end":{"line":33,"column":7}},"9":{"start":{"line":30,"column":8},"end":{"line":30,"column":36}},"10":{"start":{"line":30,"column":23},"end":{"line":30,"column":36}},"11":{"start":{"line":31,"column":8},"end":{"line":31,"column":25}},"12":{"start":{"line":32,"column":8},"end":{"line":32,"column":18}},"13":{"start":{"line":34,"column":11},"end":{"line":47,"column":5}},"14":{"start":{"line":35,"column":6},"end":{"line":35,"column":33}},"15":{"start":{"line":37,"column":6},"end":{"line":46,"column":7}},"16":{"start":{"line":38,"column":8},"end":{"line":38,"column":26}},"17":{"start":{"line":39,"column":8},"end":{"line":39,"column":21}},"18":{"start":{"line":40,"column":13},"end":{"line":46,"column":7}},"19":{"start":{"line":41,"column":29},"end":{"line":41,"column":48}},"20":{"start":{"line":42,"column":8},"end":{"line":45,"column":9}},"21":{"start":{"line":43,"column":10},"end":{"line":43,"column":35}},"22":{"start":{"line":43,"column":27},"end":{"line":43,"column":35}},"23":{"start":{"line":44,"column":10},"end":{"line":44,"column":33}},"24":{"start":{"line":49,"column":2},"end":{"line":52,"column":3}},"25":{"start":{"line":50,"column":4},"end":{"line":50,"column":32}},"26":{"start":{"line":50,"column":19},"end":{"line":50,"column":32}},"27":{"start":{"line":51,"column":4},"end":{"line":51,"column":21}},"28":{"start":{"line":53,"column":2},"end":{"line":53,"column":16}}},"fnMap":{"0":{"name":"convertYarn","decl":{"start":{"line":21,"column":24},"end":{"line":21,"column":35}},"loc":{"start":{"line":21,"column":46},"end":{"line":54,"column":1}},"line":21}},"branchMap":{"0":{"loc":{"start":{"line":27,"column":4},"end":{"line":47,"column":5}},"type":"if","locations":[{"start":{"line":27,"column":4},"end":{"line":47,"column":5}},{"start":{"line":34,"column":11},"end":{"line":47,"column":5}}],"line":27},"1":{"loc":{"start":{"line":29,"column":6},"end":{"line":33,"column":7}},"type":"if","locations":[{"start":{"line":29,"column":6},"end":{"line":33,"column":7}},{"start":{},"end":{}}],"line":29},"2":{"loc":{"start":{"line":30,"column":8},"end":{"line":30,"column":36}},"type":"if","locations":[{"start":{"line":30,"column":8},"end":{"line":30,"column":36}},{"start":{},"end":{}}],"line":30},"3":{"loc":{"start":{"line":34,"column":11},"end":{"line":47,"column":5}},"type":"if","locations":[{"start":{"line":34,"column":11},"end":{"line":47,"column":5}},{"start":{"line":36,"column":11},"end":{"line":47,"column":5}}],"line":34},"4":{"loc":{"start":{"line":37,"column":6},"end":{"line":46,"column":7}},"type":"if","locations":[{"start":{"line":37,"column":6},"end":{"line":46,"column":7}},{"start":{"line":40,"column":13},"end":{"line":46,"column":7}}],"line":37},"5":{"loc":{"start":{"line":40,"column":13},"end":{"line":46,"column":7}},"type":"if","locations":[{"start":{"line":40,"column":13},"end":{"line":46,"column":7}},{"start":{},"end":{}}],"line":40},"6":{"loc":{"start":{"line":42,"column":8},"end":{"line":45,"column":9}},"type":"if","locations":[{"start":{"line":42,"column":8},"end":{"line":45,"column":9}},{"start":{},"end":{}}],"line":42},"7":{"loc":{"start":{"line":43,"column":10},"end":{"line":43,"column":35}},"type":"if","locations":[{"start":{"line":43,"column":10},"end":{"line":43,"column":35}},{"start":{},"end":{}}],"line":43},"8":{"loc":{"start":{"line":49,"column":2},"end":{"line":52,"column":3}},"type":"if","locations":[{"start":{"line":49,"column":2},"end":{"line":52,"column":3}},{"start":{},"end":{}}],"line":49},"9":{"loc":{"start":{"line":50,"column":4},"end":{"line":50,"column":32}},"type":"if","locations":[{"start":{"line":50,"column":4},"end":{"line":50,"column":32}},{"start":{},"end":{}}],"line":50}},"s":{"0":0,"1":0,"2":0,"3":0,"4":0,"5":0,"6":0,"7":0,"8":0,"9":0,"10":0,"11":0,"12":0,"13":0,"14":0,"15":0,"16":0,"17":0,"18":0,"19":0,"20":0,"21":0,"22":0,"23":0,"24":0,"25":0,"26":0,"27":0,"28":0},"f":{"0":0},"b":{"0":[0,0],"1":[0,0],"2":[0,0],"3":[0,0],"4":[0,0],"5":[0,0],"6":[0,0],"7":[0,0],"8":[0,0],"9":[0,0]},"_coverageSchema":"1a1c01bbd47fc00a2c39e90264f33305004495a9","hash":"018e835fb32a3c40ff4420dc47ad2eb79d1000db"}
,"/home/matt/Programming/yarn-wrapped/src/yarn-wrapped.js": {"path":"/home/matt/Programming/yarn-wrapped/src/yarn-wrapped.js","statementMap":{"0":{"start":{"line":15,"column":4},"end":{"line":15,"column":38}},"1":{"start":{"line":16,"column":4},"end":{"line":16,"column":38}},"2":{"start":{"line":17,"column":4},"end":{"line":17,"column":62}},"3":{"start":{"line":18,"column":4},"end":{"line":18,"column":26}},"4":{"start":{"line":19,"column":4},"end":{"line":19,"column":28}},"5":{"start":{"line":20,"column":4},"end":{"line":20,"column":27}},"6":{"start":{"line":22,"column":19},"end":{"line":22,"column":39}},"7":{"start":{"line":23,"column":4},"end":{"line":23,"column":25}},"8":{"start":{"line":24,"column":4},"end":{"line":27,"column":5}},"9":{"start":{"line":25,"column":6},"end":{"line":25,"column":78}},"10":{"start":{"line":26,"column":6},"end":{"line":26,"column":48}},"11":{"start":{"line":28,"column":4},"end":{"line":32,"column":5}},"12":{"start":{"line":29,"column":6},"end":{"line":31,"column":8}},"13":{"start":{"line":30,"column":8},"end":{"line":30,"column":41}},"14":{"start":{"line":34,"column":4},"end":{"line":34,"column":40}},"15":{"start":{"line":35,"column":4},"end":{"line":35,"column":18}},"16":{"start":{"line":39,"column":4},"end":{"line":45,"column":5}},"17":{"start":{"line":44,"column":6},"end":{"line":44,"column":42}},"18":{"start":{"line":47,"column":15},"end":{"line":47,"column":63}},"19":{"start":{"line":48,"column":19},"end":{"line":48,"column":23}},"20":{"start":{"line":50,"column":4},"end":{"line":53,"column":5}},"21":{"start":{"line":51,"column":6},"end":{"line":51,"column":54}},"22":{"start":{"line":51,"column":30},"end":{"line":51,"column":54}},"23":{"start":{"line":52,"column":6},"end":{"line":52,"column":40}},"24":{"start":{"line":57,"column":4},"end":{"line":68,"column":5}},"25":{"start":{"line":58,"column":6},"end":{"line":58,"column":44}},"26":{"start":{"line":59,"column":6},"end":{"line":67,"column":7}},"27":{"start":{"line":63,"column":8},"end":{"line":63,"column":44}},"28":{"start":{"line":64,"column":8},"end":{"line":64,"column":23}},"29":{"start":{"line":65,"column":13},"end":{"line":67,"column":7}},"30":{"start":{"line":66,"column":8},"end":{"line":66,"column":59}},"31":{"start":{"line":70,"column":4},"end":{"line":70,"column":27}},"32":{"start":{"line":71,"column":4},"end":{"line":71,"column":32}},"33":{"start":{"line":72,"column":4},"end":{"line":74,"column":5}},"34":{"start":{"line":73,"column":6},"end":{"line":73,"column":26}}},"fnMap":{"0":{"name":"(anonymous_0)","decl":{"start":{"line":6,"column":2},"end":{"line":6,"column":3}},"loc":{"start":{"line":14,"column":5},"end":{"line":36,"column":3}},"line":14},"1":{"name":"(anonymous_1)","decl":{"start":{"line":29,"column":40},"end":{"line":29,"column":41}},"loc":{"start":{"line":29,"column":51},"end":{"line":31,"column":7}},"line":29},"2":{"name":"(anonymous_2)","decl":{"start":{"line":38,"column":2},"end":{"line":38,"column":3}},"loc":{"start":{"line":38,"column":24},"end":{"line":75,"column":3}},"line":38}},"branchMap":{"0":{"loc":{"start":{"line":12,"column":4},"end":{"line":12,"column":36}},"type":"default-arg","locations":[{"start":{"line":12,"column":32},"end":{"line":12,"column":36}}],"line":12},"1":{"loc":{"start":{"line":13,"column":4},"end":{"line":13,"column":21}},"type":"default-arg","locations":[{"start":{"line":13,"column":14},"end":{"line":13,"column":21}}],"line":13},"2":{"loc":{"start":{"line":24,"column":4},"end":{"line":27,"column":5}},"type":"if","locations":[{"start":{"line":24,"column":4},"end":{"line":27,"column":5}},{"start":{},"end":{}}],"line":24},"3":{"loc":{"start":{"line":25,"column":32},"end":{"line":25,"column":78}},"type":"binary-expr","locations":[{"start":{"line":25,"column":32},"end":{"line":25,"column":55}},{"start":{"line":25,"column":59},"end":{"line":25,"column":78}}],"line":25},"4":{"loc":{"start":{"line":28,"column":4},"end":{"line":32,"column":5}},"type":"if","locations":[{"start":{"line":28,"column":4},"end":{"line":32,"column":5}},{"start":{},"end":{}}],"line":28},"5":{"loc":{"start":{"line":39,"column":4},"end":{"line":45,"column":5}},"type":"if","locations":[{"start":{"line":39,"column":4},"end":{"line":45,"column":5}},{"start":{},"end":{}}],"line":39},"6":{"loc":{"start":{"line":40,"column":6},"end":{"line":42,"column":31}},"type":"binary-expr","locations":[{"start":{"line":40,"column":6},"end":{"line":40,"column":40}},{"start":{"line":41,"column":8},"end":{"line":41,"column":24}},{"start":{"line":42,"column":8},"end":{"line":42,"column":31}}],"line":40},"7":{"loc":{"start":{"line":47,"column":15},"end":{"line":47,"column":63}},"type":"binary-expr","locations":[{"start":{"line":47,"column":15},"end":{"line":47,"column":32}},{"start":{"line":47,"column":36},"end":{"line":47,"column":63}}],"line":47},"8":{"loc":{"start":{"line":51,"column":6},"end":{"line":51,"column":54}},"type":"if","locations":[{"start":{"line":51,"column":6},"end":{"line":51,"column":54}},{"start":{},"end":{}}],"line":51},"9":{"loc":{"start":{"line":57,"column":4},"end":{"line":68,"column":5}},"type":"if","locations":[{"start":{"line":57,"column":4},"end":{"line":68,"column":5}},{"start":{},"end":{}}],"line":57},"10":{"loc":{"start":{"line":59,"column":6},"end":{"line":67,"column":7}},"type":"if","locations":[{"start":{"line":59,"column":6},"end":{"line":67,"column":7}},{"start":{"line":65,"column":13},"end":{"line":67,"column":7}}],"line":59},"11":{"loc":{"start":{"line":60,"column":8},"end":{"line":61,"column":51}},"type":"binary-expr","locations":[{"start":{"line":60,"column":8},"end":{"line":60,"column":38}},{"start":{"line":61,"column":10},"end":{"line":61,"column":51}}],"line":60},"12":{"loc":{"start":{"line":65,"column":13},"end":{"line":67,"column":7}},"type":"if","locations":[{"start":{"line":65,"column":13},"end":{"line":67,"column":7}},{"start":{},"end":{}}],"line":65},"13":{"loc":{"start":{"line":72,"column":4},"end":{"line":74,"column":5}},"type":"if","locations":[{"start":{"line":72,"column":4},"end":{"line":74,"column":5}},{"start":{},"end":{}}],"line":72},"14":{"loc":{"start":{"line":72,"column":8},"end":{"line":72,"column":60}},"type":"binary-expr","locations":[{"start":{"line":72,"column":8},"end":{"line":72,"column":38}},{"start":{"line":72,"column":42},"end":{"line":72,"column":60}}],"line":72}},"s":{"0":17,"1":17,"2":17,"3":17,"4":17,"5":17,"6":17,"7":17,"8":16,"9":1,"10":1,"11":16,"12":2,"13":4,"14":16,"15":16,"16":18,"17":1,"18":18,"19":18,"20":18,"21":4,"22":2,"23":4,"24":18,"25":17,"26":17,"27":2,"28":2,"29":15,"30":2,"31":18,"32":18,"33":18,"34":1},"f":{"0":17,"1":4,"2":18},"b":{"0":[16],"1":[16],"2":[1,15],"3":[1,1],"4":[2,14],"5":[1,17],"6":[18,1,1],"7":[18,17],"8":[2,2],"9":[17,1],"10":[2,15],"11":[17,16],"12":[2,13],"13":[1,17],"14":[18,2]},"_coverageSchema":"1a1c01bbd47fc00a2c39e90264f33305004495a9","hash":"867427759f61f663b96d41b52e796fedb3a409f7"}
}
