TN:
SF:index.js
FNF:0
FNH:0
DA:1,1
LF:1
LH:1
BRF:0
BRH:0
end_of_record
TN:
SF:src/yarn-wrapped.js
FN:4,(anonymous_0)
FN:28,(anonymous_1)
FN:37,(anonymous_2)
FNF:3
FNH:3
FNDA:16,(anonymous_0)
FNDA:4,(anonymous_1)
FNDA:20,(anonymous_2)
DA:13,16
DA:14,16
DA:15,16
DA:16,16
DA:17,16
DA:18,16
DA:20,16
DA:21,16
DA:22,16
DA:23,16
DA:24,1
DA:25,1
DA:27,16
DA:28,2
DA:29,4
DA:33,16
DA:34,16
DA:38,20
DA:43,2
DA:46,20
DA:47,20
DA:49,20
DA:50,4
DA:51,4
DA:56,20
DA:57,19
DA:58,19
DA:62,3
DA:63,3
DA:64,16
DA:65,2
DA:69,20
DA:70,20
DA:71,20
DA:72,1
LF:35
LH:35
BRDA:10,0,0,15
BRDA:11,1,0,15
BRDA:23,2,0,1
BRDA:23,2,1,15
BRDA:24,3,0,1
BRDA:24,3,1,1
BRDA:27,4,0,2
BRDA:27,4,1,14
BRDA:38,5,0,2
BRDA:38,5,1,18
BRDA:39,6,0,20
BRDA:39,6,1,2
BRDA:39,6,2,2
BRDA:46,7,0,20
BRDA:46,7,1,18
BRDA:50,8,0,2
BRDA:50,8,1,2
BRDA:56,9,0,19
BRDA:56,9,1,1
BRDA:58,10,0,3
BRDA:58,10,1,16
BRDA:59,11,0,19
BRDA:59,11,1,18
BRDA:64,12,0,2
BRDA:64,12,1,14
BRDA:71,13,0,1
BRDA:71,13,1,19
BRDA:71,14,0,20
BRDA:71,14,1,2
BRF:29
BRH:29
end_of_record
