TN:
SF:index.js
FNF:0
FNH:0
DA:1,1
LF:1
LH:1
BRF:0
BRH:0
end_of_record
TN:
SF:src/yarn-wrapped.js
FN:4,(anonymous_0)
FN:27,(anonymous_1)
FN:36,(anonymous_2)
FNF:3
FNH:3
FNDA:17,(anonymous_0)
FNDA:4,(anonymous_1)
FNDA:24,(anonymous_2)
DA:13,17
DA:14,17
DA:15,17
DA:16,17
DA:17,17
DA:18,17
DA:20,17
DA:21,17
DA:22,17
DA:23,1
DA:24,1
DA:26,17
DA:27,2
DA:28,4
DA:32,17
DA:33,17
DA:37,24
DA:42,2
DA:45,24
DA:46,24
DA:50,24
DA:51,2
DA:52,4
DA:53,4
DA:59,24
DA:60,19
DA:61,19
DA:62,19
DA:66,1
DA:67,1
DA:68,18
DA:69,3
DA:73,24
DA:74,24
DA:75,24
DA:76,1
LF:36
LH:36
BRDA:11,0,0,16
BRDA:22,1,0,1
BRDA:22,1,1,16
BRDA:23,2,0,1
BRDA:23,2,1,1
BRDA:26,3,0,2
BRDA:26,3,1,15
BRDA:37,4,0,2
BRDA:37,4,1,22
BRDA:38,5,0,24
BRDA:38,5,1,2
BRDA:38,5,2,2
BRDA:45,6,0,24
BRDA:45,6,1,20
BRDA:50,7,0,2
BRDA:50,7,1,22
BRDA:59,8,0,19
BRDA:59,8,1,5
BRDA:62,9,0,1
BRDA:62,9,1,18
BRDA:63,10,0,19
BRDA:63,10,1,1
BRDA:68,11,0,3
BRDA:68,11,1,15
BRDA:75,12,0,1
BRDA:75,12,1,23
BRDA:75,13,0,24
BRDA:75,13,1,3
BRF:28
BRH:28
end_of_record
